{
  "RSpec": {
    "coverage": {
      "/Users/londerson/resize/validation/lib/resize/rules/is_boolean.rb": [
        1,
        1,
        1,
        1,
        1,
        1,
        4,
        null,
        null,
        null,
        null,
        null
      ],
      "/Users/londerson/resize/validation/lib/resize/rules/is_date.rb": [
        1,
        null,
        1,
        1,
        1,
        1,
        1,
        1,
        8,
        8,
        4,
        4,
        4,
        null,
        null,
        null,
        null,
        null,
        null
      ],
      "/Users/londerson/resize/validation/lib/resize/rules/is_email.rb": [
        1,
        1,
        1,
        1,
        1,
        1,
        4,
        null,
        null,
        null,
        null,
        null
      ],
      "/Users/londerson/resize/validation/lib/resize/rules/is_integer.rb": [
        1,
        1,
        1,
        1,
        1,
        1,
        7,
        null,
        null,
        null,
        null,
        null
      ],
      "/Users/londerson/resize/validation/lib/resize/rules/is_json.rb": [
        1,
        null,
        1,
        1,
        1,
        1,
        1,
        1,
        6,
        6,
        2,
        4,
        4,
        null,
        null,
        null,
        null,
        null,
        null
      ],
      "/Users/londerson/resize/validation/lib/resize/rules/is_positive.rb": [
        1,
        1,
        1,
        1,
        1,
        1,
        4,
        null,
        null,
        null,
        null,
        null
      ],
      "/Users/londerson/resize/validation/lib/resize/rules/is_string.rb": [
        1,
        1,
        1,
        1,
        1,
        1,
        4,
        null,
        null,
        null,
        null,
        null
      ],
      "/Users/londerson/resize/validation/lib/resize-validation.rb": [
        1,
        null,
        1,
        1,
        1,
        1,
        1,
        1,
        1,
        null,
        1
      ],
      "/Users/londerson/resize/validation/lib/resize/validation.rb": [
        1,
        1,
        null,
        1,
        null,
        1,
        17,
        17,
        17,
        null,
        null,
        1,
        2,
        null,
        2,
        1,
        null,
        1,
        null,
        null,
        null,
        1,
        1,
        19,
        null,
        null,
        1,
        17,
        17,
        null,
        null,
        null,
        null
      ]
    },
    "timestamp": 1421279501
  }
}
